\BOOKMARK [1][-]{section.1}{\376\377\225\356\230\230\116\313\176\315}{}% 1
\BOOKMARK [1][-]{section.2}{\376\377\173\227\154\325\173\200\116\313}{}% 2
\BOOKMARK [1][-]{section.3}{\376\377\145\164\145\160\176\277\140\047\211\304\122\022\154\325\154\102\211\343\000V\000R\000P\225\356\230\230}{}% 3
\BOOKMARK [2][-]{subsection.3.1}{\376\377\225\356\230\230\136\372\152\041}{section.3}% 4
\BOOKMARK [3][-]{subsubsection.3.1.1}{\376\377\127\372\147\054\217\146\217\206\215\357\137\204\225\356\230\230}{subsection.3.1}% 5
\BOOKMARK [3][-]{subsubsection.3.1.2}{\376\377\133\271\221\317\226\120\122\066\217\146\217\206\215\357\137\204\225\356\230\230\000\050\000C\000V\000R\000P\000\051}{subsection.3.1}% 6
\BOOKMARK [2][-]{subsection.3.2}{\376\377\173\227\154\325}{section.3}% 7
\BOOKMARK [3][-]{subsubsection.3.2.1}{\376\377\145\160\143\156\217\175\121\145}{subsection.3.2}% 8
\BOOKMARK [3][-]{subsubsection.3.2.2}{\376\377\145\160\143\156\131\004\164\006}{subsection.3.2}% 9
\BOOKMARK [3][-]{subsubsection.3.2.3}{\376\377\176\246\147\137\147\141\116\366}{subsection.3.2}% 10
\BOOKMARK [3][-]{subsubsection.3.2.4}{\376\377\173\111\137\017\176\246\147\137}{subsection.3.2}% 11
\BOOKMARK [3][-]{subsubsection.3.2.5}{\376\377\116\015\173\111\137\017\176\246\147\137}{subsection.3.2}% 12
\BOOKMARK [3][-]{subsubsection.3.2.6}{\376\377\211\343\121\263\000I\000L\000P\225\356\230\230}{subsection.3.2}% 13
\BOOKMARK [2][-]{subsection.3.3}{\376\377\176\323\147\234\146\076\171\072}{section.3}% 14
\BOOKMARK [2][-]{subsection.3.4}{\376\377\133\214\145\164\116\343\170\001}{section.3}% 15
\BOOKMARK [1][-]{section.4}{\376\377\152\041\142\337\220\000\160\153\145\271\154\325\154\102\211\343\000V\000R\000P\225\356\230\230}{}% 16
\BOOKMARK [2][-]{subsection.4.1}{\376\377\144\034\175\042\225\356\230\230\173\200\116\313}{section.4}% 17
\BOOKMARK [2][-]{subsection.4.2}{\376\377\152\041\142\337\220\000\160\153\173\227\154\325}{section.4}% 18
\BOOKMARK [2][-]{subsection.4.3}{\376\377\000V\000R\000P\225\356\230\230\166\204\144\034\175\042\225\356\230\230\136\372\152\041}{section.4}% 19
\BOOKMARK [2][-]{subsection.4.4}{\376\377\152\041\142\337\220\000\160\153\173\227\154\325\154\102\211\343\000V\000R\000P\225\356\230\230}{section.4}% 20
\BOOKMARK [2][-]{subsection.4.5}{\376\377\152\041\142\337\220\000\160\153\145\271\154\325\154\102\211\343\000C\000V\000R\000P\225\356\230\230}{section.4}% 21
\BOOKMARK [1][-]{section.5}{\376\377\140\073\176\323}{}% 22
